<?xml version="1.0" encoding="UTF-8"?>
<testsuite name="QKART_TESTNG.QKART_Tests" tests="11" skipped="0" failures="1" errors="0" timestamp="2023-12-11T06:46:34" hostname="kishan1996raj" time="258.141">
  <properties/>
  <testcase name="TestCase01[0](No input, No input)" classname="QKART_TESTNG.QKART_Tests" time="10.236">
    <failure message="java.lang.AssertionError: Failed to login with registered user" type="java.lang.AssertionError">java.lang.AssertionError: Failed to login with registered user
	at org.junit.Assert.fail(Assert.java:88)
	at org.junit.Assert.assertTrue(Assert.java:41)
	at QKART_TESTNG.QKART_Tests.TestCase01(QKART_Tests.java:74)
	at java.base/jdk.internal.reflect.NativeMethodAccessorImpl.invoke0(Native Method)
	at java.base/jdk.internal.reflect.NativeMethodAccessorImpl.invoke(NativeMethodAccessorImpl.java:62)
	at java.base/jdk.internal.reflect.DelegatingMethodAccessorImpl.invoke(DelegatingMethodAccessorImpl.java:43)
	at java.base/java.lang.reflect.Method.invoke(Method.java:566)
	at org.testng.internal.invokers.MethodInvocationHelper.invokeMethod(MethodInvocationHelper.java:139)
	at org.testng.internal.invokers.TestInvoker.invokeMethod(TestInvoker.java:677)
	at org.testng.internal.invokers.TestInvoker.invokeTestMethod(TestInvoker.java:221)
	at org.testng.internal.invokers.MethodRunner.runInSequence(MethodRunner.java:50)
	at org.testng.internal.invokers.TestInvoker$MethodInvocationAgent.invoke(TestInvoker.java:962)
	at org.testng.internal.invokers.TestInvoker.invokeTestMethods(TestInvoker.java:194)
	at org.testng.internal.invokers.TestMethodWorker.invokeTestMethods(TestMethodWorker.java:148)
	at org.testng.internal.invokers.TestMethodWorker.run(TestMethodWorker.java:128)
	at java.base/java.util.ArrayList.forEach(ArrayList.java:1541)
	at org.testng.TestRunner.privateRun(TestRunner.java:806)
	at org.testng.TestRunner.run(TestRunner.java:601)
	at org.testng.SuiteRunner.runTest(SuiteRunner.java:433)
	at org.testng.SuiteRunner.runSequentially(SuiteRunner.java:427)
	at org.testng.SuiteRunner.privateRun(SuiteRunner.java:387)
	at org.testng.SuiteRunner.run(SuiteRunner.java:330)
	at org.testng.SuiteRunnerWorker.runSuite(SuiteRunnerWorker.java:52)
	at org.testng.SuiteRunnerWorker.run(SuiteRunnerWorker.java:95)
	at org.testng.TestNG.runSuitesSequentially(TestNG.java:1256)
	at org.testng.TestNG.runSuitesLocally(TestNG.java:1176)
	at org.testng.TestNG.runSuites(TestNG.java:1099)
	at org.testng.TestNG.run(TestNG.java:1067)
	at org.gradle.api.internal.tasks.testing.testng.TestNGTestClassProcessor.runTests(TestNGTestClassProcessor.java:141)
	at org.gradle.api.internal.tasks.testing.testng.TestNGTestClassProcessor.stop(TestNGTestClassProcessor.java:90)
	at org.gradle.api.internal.tasks.testing.SuiteTestClassProcessor.stop(SuiteTestClassProcessor.java:61)
	at java.base/jdk.internal.reflect.NativeMethodAccessorImpl.invoke0(Native Method)
	at java.base/jdk.internal.reflect.NativeMethodAccessorImpl.invoke(NativeMethodAccessorImpl.java:62)
	at java.base/jdk.internal.reflect.DelegatingMethodAccessorImpl.invoke(DelegatingMethodAccessorImpl.java:43)
	at java.base/java.lang.reflect.Method.invoke(Method.java:566)
	at org.gradle.internal.dispatch.ReflectionDispatch.dispatch(ReflectionDispatch.java:35)
	at org.gradle.internal.dispatch.ReflectionDispatch.dispatch(ReflectionDispatch.java:24)
	at org.gradle.internal.dispatch.ContextClassLoaderDispatch.dispatch(ContextClassLoaderDispatch.java:32)
	at org.gradle.internal.dispatch.ProxyDispatchAdapter$DispatchingInvocationHandler.invoke(ProxyDispatchAdapter.java:93)
	at com.sun.proxy.$Proxy2.stop(Unknown Source)
	at org.gradle.api.internal.tasks.testing.worker.TestWorker.stop(TestWorker.java:132)
	at java.base/jdk.internal.reflect.NativeMethodAccessorImpl.invoke0(Native Method)
	at java.base/jdk.internal.reflect.NativeMethodAccessorImpl.invoke(NativeMethodAccessorImpl.java:62)
	at java.base/jdk.internal.reflect.DelegatingMethodAccessorImpl.invoke(DelegatingMethodAccessorImpl.java:43)
	at java.base/java.lang.reflect.Method.invoke(Method.java:566)
	at org.gradle.internal.dispatch.ReflectionDispatch.dispatch(ReflectionDispatch.java:35)
	at org.gradle.internal.dispatch.ReflectionDispatch.dispatch(ReflectionDispatch.java:24)
	at org.gradle.internal.remote.internal.hub.MessageHubBackedObjectConnection$DispatchWrapper.dispatch(MessageHubBackedObjectConnection.java:175)
	at org.gradle.internal.remote.internal.hub.MessageHubBackedObjectConnection$DispatchWrapper.dispatch(MessageHubBackedObjectConnection.java:157)
	at org.gradle.internal.remote.internal.hub.MessageHub$Handler.run(MessageHub.java:404)
	at org.gradle.internal.concurrent.ExecutorPolicy$CatchAndRecordFailures.onExecute(ExecutorPolicy.java:63)
	at org.gradle.internal.concurrent.ManagedExecutorImpl$1.run(ManagedExecutorImpl.java:46)
	at java.base/java.util.concurrent.ThreadPoolExecutor.runWorker(ThreadPoolExecutor.java:1128)
	at java.base/java.util.concurrent.ThreadPoolExecutor$Worker.run(ThreadPoolExecutor.java:628)
	at org.gradle.internal.concurrent.ThreadFactoryImpl$ManagedThreadRunnable.run(ThreadFactoryImpl.java:55)
	at java.base/java.lang.Thread.run(Thread.java:829)
</failure>
  </testcase>
  <testcase name="TestCase02" classname="QKART_TESTNG.QKART_Tests" time="35.158"/>
  <testcase name="TestCase03" classname="QKART_TESTNG.QKART_Tests" time="34.978"/>
  <testcase name="TestCase04" classname="QKART_TESTNG.QKART_Tests" time="22.321"/>
  <testcase name="TestCase05" classname="QKART_TESTNG.QKART_Tests" time="27.335"/>
  <testcase name="TestCase06" classname="QKART_TESTNG.QKART_Tests" time="28.946"/>
  <testcase name="TestCase07" classname="QKART_TESTNG.QKART_Tests" time="44.843"/>
  <testcase name="TestCase08" classname="QKART_TESTNG.QKART_Tests" time="19.243"/>
  <testcase name="TestCase09" classname="QKART_TESTNG.QKART_Tests" time="8.254"/>
  <testcase name="TestCase10" classname="QKART_TESTNG.QKART_Tests" time="2.294"/>
  <testcase name="TestCase11" classname="QKART_TESTNG.QKART_Tests" time="24.476"/>
  <system-out><![CDATA[2023-12-11T12:16:34.855001 |  Start TestCase  |  Test Case 1: Verify User Registration | DONE
2023-12-11T12:16:45.084294 |  Test Step  |  User Perform Login:  | FAIL
2023-12-11T12:16:45.095737 |  Start Testcase  |  Test Case 2: Verify User Registration with an existing username  | DONE
2023-12-11T12:16:48.368108 |  Test Step  |  User Registration :  | PASS
2023-12-11T12:17:20.255802 |  TestCase 3  |  Start test case : Verify functionality of search box  | DONE
2023-12-11T12:17:24.380691 |  Step Success  |  Successfully validated the search results  | PASS
Error while searching for a product: Expected condition failed: waiting for visibility of all elements located by By.xpath: //div[@class='MuiCardContent-root css-1qw96cp'][1]/p[contains(text(),'Gesundheit')] (tried for 30 second(s) with 500 milliseconds interval)
Build info: version: '4.0.0-alpha-1', revision: 'd1d3728cae', time: '2019-04-24T13:42:21'
System info: host: 'kishan1996raj', ip: '192.168.83.200', os.name: 'Linux', os.arch: 'amd64', os.version: '5.3.0-1023-aws', java.version: '11.0.19'
Driver info: org.openqa.selenium.remote.RemoteWebDriver
Capabilities {acceptInsecureCerts: false, browserName: chrome, browserVersion: 91.0.4472.77, chrome: {chromedriverVersion: 91.0.4472.19 (1bf021f248676..., userDataDir: /tmp/.com.google.Chrome.PMi4HR}, goog:chromeOptions: {debuggerAddress: localhost:40147}, javascriptEnabled: true, networkConnectionEnabled: false, pageLoadStrategy: normal, platform: LINUX, platformName: LINUX, proxy: Proxy(), setWindowRect: true, strictFileInteractability: false, timeouts: {implicit: 0, pageLoad: 300000, script: 30000}, unhandledPromptBehavior: dismiss and notify, webauthn:extension:largeBlob: true, webauthn:virtualAuthenticators: true, webdriver.remote.sessionid: 3a56cac7112210aa7430e7f9ff7...}
Session ID: 3a56cac7112210aa7430e7f9ff7489fb
2023-12-11T12:17:55.233460 |  TestCase 3  |  Test Case PASS. Verified that no search results were found for the given text | PASS
2023-12-11T12:17:55.248266 |  TestCase 4  |  Start test case : Verify the presence of size Chart | DONE
Step success : Successfully validated presence of Size Chart Link
Step Success : Validated presence of drop down for the product Roadster Mens Running Shoes
Step Success Successfully validated contents of Size Chart Link for the product Roadster Mens Running Shoes
Step success : Successfully validated presence of Size Chart Link
Step Success : Validated presence of drop down for the product Nike Mens Running Shoes
Step Success Successfully validated contents of Size Chart Link for the product Nike Mens Running Shoes
2023-12-11T12:18:17.562933 |  TestCase 4  |  End Test Case: Validated  of the Size Chart and the details Details | Pass
2023-12-11T12:18:17.573671 |  Start TestCase  |  Test Case 5: Verify Happy Flow of buying products | DONE
2023-12-11T12:18:44.905644 |  End TestCase  |  Test Case 5: Happy Flow Test Completed :  | PASS
2023-12-11T12:18:44.911055 |  Start TestCase  |  Test Case 6: Verify that cart can be edited | DONE
2023-12-11T12:19:13.856088 |  End TestCase  |  Test Case 6: Verify that cart can be edited:  | PASS
2023-12-11T12:19:13.876061 |  Start TestCase  |  Test Case 7: Verify that insufficient balance error is thrown when the wallet balance is not enough | DONE
2023-12-11T12:19:58.717722 |  End TestCase  |  Test Case 7: Verify that insufficient balance error is thrown when the wallet balance is not enough:  | PASS
2023-12-11T12:19:58.719362 |  Start TestCase  |  Test Case 8: Verify that product added to cart is available when a new tab is opened | DONE
2023-12-11T12:20:17.962104 |  End TestCase  |  Test Case 8: Verify that product added to cart is available when a new tab is opened | PASS
2023-12-11T12:20:17.963736 |  Start TestCase  |  Test Case 09: Verify that the Privacy Policy, About Us are displayed correctly  | DONE
2023-12-11T12:20:26.216856 |  End TestCase  |  Test Case 9: Verify that the Privacy Policy, About Us are displayed correctly  | PASS
2023-12-11T12:20:26.218335 |  Start TestCase  |  Test Case 10: Verify that contact us option is working correctly  | DONE
2023-12-11T12:20:28.512447 |  End TestCase  |  Test Case 10: Verify that contact us option is working correctly  | PASS
2023-12-11T12:20:28.513784 |  Start TestCase  |  Test Case 11: Ensure that the links on the QKART advertisement are clickable | DONE
2023-12-11T12:20:49.211254 |  Step   |  Verify that 3 Advertisements are available | PASS
2023-12-11T12:20:49.412525 |  Step   |  Verify that Advertisement 1 is clickable  | PASS
2023-12-11T12:20:52.984776 |  Step   |  Verify that Advertisement 2 is clickable  | PASS
2023-12-11T12:20:52.987032 |  End TestCase  |  Test Case 11:  Ensure that the links on the QKART advertisement are clickable | PASS
]]></system-out>
  <system-err><![CDATA[]]></system-err>
</testsuite>
