<?xml version="1.0" encoding="UTF-8"?>
<!-- Generated by org.testng.reporters.JUnitXMLReporter -->
<testsuite ignored="1" hostname="kishan1996raj" failures="1" tests="10" name="Parameterisation of the test cases using testng" time="388.911" errors="0" timestamp="2023-12-15T02:27:51 IST">
  <testcase classname="QKART_TESTNG.QKART_Tests" name="TestCase01" time="12.277"/>
  <testcase classname="QKART_TESTNG.QKART_Tests" name="TestCase02" time="35.401"/>
  <testcase classname="QKART_TESTNG.QKART_Tests" name="TestCase03" time="35.278"/>
  <testcase classname="QKART_TESTNG.QKART_Tests" name="TestCase04" time="19.046"/>
  <testcase classname="QKART_TESTNG.QKART_Tests" name="TestCase05" time="28.067"/>
  <testcase classname="QKART_TESTNG.QKART_Tests" name="TestCase06" time="34.918"/>
  <testcase classname="QKART_TESTNG.QKART_Tests" name="TestCase07" time="174.442"/>
  <testcase classname="QKART_TESTNG.QKART_Tests" name="TestCase08" time="7.828">
    <failure type="java.lang.AssertionError" message="Test Case 8: Verify that product added to cart is available when a new tab is opened Failed ">
      <![CDATA[java.lang.AssertionError: Test Case 8: Verify that product added to cart is available when a new tab is opened Failed 
at org.junit.Assert.fail(Assert.java:88)
at org.junit.Assert.assertTrue(Assert.java:41)
at QKART_TESTNG.QKART_Tests.TestCase08(QKART_Tests.java:420)
at java.base/java.util.ArrayList.forEach(ArrayList.java:1541)
at com.sun.proxy.$Proxy2.stop(Unknown Source)
at java.base/java.util.concurrent.ThreadPoolExecutor.runWorker(ThreadPoolExecutor.java:1128)
at java.base/java.util.concurrent.ThreadPoolExecutor$Worker.run(ThreadPoolExecutor.java:628)
at java.base/java.lang.Thread.run(Thread.java:829)
... Removed 48 stack frames]]>
    </failure>
  </testcase> <!-- TestCase08 -->
  <testcase classname="QKART_TESTNG.QKART_Tests" name="TestCase09" time="10.015"/>
  <testcase classname="QKART_TESTNG.QKART_Tests" name="TestCase11" time="25.95"/>
  <testcase classname="QKART_TESTNG.QKART_Tests" name="TestCase10" time="0.0">
    <ignored/>
  </testcase> <!-- TestCase10 -->
</testsuite> <!-- Parameterisation of the test cases using testng -->
